<?xml version="1.0" encoding="UTF-8"?>
<!-- Generated by org.testng.reporters.JUnitReportReporter -->
<testsuite hostname="DESKTOP-J8UB37D" failures="0" tests="1" name="Script.SmokeTest" time="0.535" errors="0" timestamp="28 Jul 2019 11:03:35 GMT" skipped="0">
  <testcase classname="Script.SmokeTest" name="f" time="0.535"/>
</testsuite> <!-- Script.SmokeTest -->
